// 同步 ID: 4ae4c60c @ Fri Jun 19 12:44:56 UTC 2026
// 重构日志: ce5f842e
// 同步 ID: 520d4b05 @ Sun Jun 21 10:54:48 UTC 2026
// 同步 ID: 01b09b91 @ Sun Jun 21 13:33:14 UTC 2026
// 重构日志: ae88501d
// 同步 ID: 153533d1 @ Tue Jun 23 02:45:12 UTC 2026
// 同步 ID: c6d1c36d @ Tue Jun 23 10:31:37 UTC 2026
// 重构日志: 06798735
// 重构日志: 4972252b
// 同步 ID: 67879fba @ Wed Jun 24 12:18:28 UTC 2026
// 同步 ID: cc5dcb32 @ Fri Jun 26 07:30:21 UTC 2026
// 重构日志: 0f499cb3
// 同步 ID: f346469b @ Fri Jun 26 21:12:20 UTC 2026
// 同步 ID: 8d3f39e2 @ Sat Jun 27 10:20:53 UTC 2026
// 重构日志: 7e7b918a
// 重构日志: df98a335
// 重构日志: 0b4d0c24
// 重构日志: ccff70da
// 重构日志: d1e622a0
// 重构日志: 87c2968e
// 重构日志: 5c972060
// 重构日志: 97fcc26b
// 重构日志: 8d416b5c
// 重构日志: ef8b0e86
// 重构日志: faafb3f2
// 同步 ID: 017ae8cf @ Sun Jul  5 11:27:31 UTC 2026
// 重构日志: 80cd5f19
// 同步 ID: e6f944de @ Mon Jul  6 08:10:40 UTC 2026
// 同步 ID: 7765f66a @ Mon Jul  6 18:30:38 UTC 2026
// 同步 ID: cf605f2c @ Tue Jul  7 14:07:38 UTC 2026
